<?xml version="1.0" encoding="UTF-8"?>
<!-- Generated by org.testng.reporters.JUnitReportReporter -->
<testsuite hostname="NOI-PG037B2M" failures="0" tests="1" name="FacebookLoginPackage.FacebookLoginProject.LoginPageTest" time="24.031" errors="0" timestamp="2025-01-24T18:25:28 IST" skipped="0">
  <testcase classname="FacebookLoginPackage.FacebookLoginProject.LoginPageTest" name="LoginPageTest" time="24.031">
    <system-out>
      <![CDATA[This Test Case is Passed]]>
    </system-out>
  </testcase> <!-- LoginPageTest -->
  <system-out>
    <![CDATA[This Test Case is Passed]]>
  </system-out>
</testsuite> <!-- FacebookLoginPackage.FacebookLoginProject.LoginPageTest -->
